<?xml version="1.0" encoding="UTF-8"?>
<!-- Generated by org.testng.reporters.JUnitReportReporter -->
<testsuite hostname="DESKTOP-5PMM0HN" name="openaptaps.TC006_CreateFail" tests="1" failures="0" timestamp="25 Aug 2017 18:42:14 GMT" time="29.245" errors="0">
  <testcase name="createLead" time="29.245" classname="openaptaps.TC006_CreateFail"/>
</testsuite> <!-- openaptaps.TC006_CreateFail -->
