<?xml version="1.0" encoding="UTF-8"?>
<!-- Generated by org.testng.reporters.JUnitReportReporter -->
<testsuite hostname="DESKTOP-5PMM0HN" name="testcases.Mergeleadprint" tests="1" failures="0" timestamp="17 Jul 2017 21:34:21 GMT" time="0.001" errors="0">
  <testcase name="mergeLead" time="0.001" classname="testcases.Mergeleadprint"/>
</testsuite> <!-- testcases.Mergeleadprint -->
