<?xml version="1.0" encoding="UTF-8"?>
<!-- Generated by org.testng.reporters.JUnitReportReporter -->
<testsuite hostname="DESKTOP-5PMM0HN" name="readExcel.CreateLead" tests="2" failures="0" timestamp="22 Jul 2017 15:03:39 GMT" time="65.382" errors="0">
  <testcase name="createLead" time="31.012" classname="readExcel.CreateLead"/>
  <testcase name="createLead" time="34.370" classname="readExcel.CreateLead"/>
</testsuite> <!-- readExcel.CreateLead -->
