<?xml version="1.0" encoding="UTF-8"?>
<!-- Generated by org.testng.reporters.JUnitReportReporter -->
<testsuite hostname="DESKTOP-5PMM0HN" name="testcases.Practiceall5TC" tests="4" failures="0" timestamp="19 Jul 2017 14:11:34 GMT" time="0.044" errors="0">
  <testcase name="deleteLead" time="0.002" classname="testcases.Practiceall5TC"/>
  <testcase name="editLead" time="0.039" classname="testcases.Practiceall5TC"/>
  <testcase name="mergeLead" time="0.002" classname="testcases.Practiceall5TC"/>
  <testcase name="createLead" time="0.001" classname="testcases.Practiceall5TC"/>
</testsuite> <!-- testcases.Practiceall5TC -->
