<?xml version="1.0" encoding="UTF-8"?>
<!-- Generated by org.testng.reporters.JUnitReportReporter -->
<testsuite hostname="DESKTOP-5PMM0HN" name="openaptaps.TC002_EditLead" tests="1" failures="0" timestamp="7 Jan 2019 03:49:19 GMT" time="86.797" errors="0">
  <testcase name="TC002_editLead" time="86.797" classname="openaptaps.TC002_EditLead"/>
</testsuite> <!-- openaptaps.TC002_EditLead -->
