<?xml version="1.0" encoding="UTF-8"?>
<!-- Generated by org.testng.reporters.JUnitReportReporter -->
<testsuite hostname="DESKTOP-5PMM0HN" name="testcases.Createleadprint" tests="1" failures="0" timestamp="19 Oct 2018 18:56:29 GMT" time="0.147" errors="0">
  <testcase name="createLead" time="0.147" classname="testcases.Createleadprint"/>
</testsuite> <!-- testcases.Createleadprint -->
