<?xml version="1.0" encoding="UTF-8"?>
<!-- Generated by org.testng.reporters.JUnitReportReporter -->
<testsuite hostname="DESKTOP-5PMM0HN" name="openaptaps.TC005_DuplicateLead" tests="1" failures="0" timestamp="7 Jan 2019 03:49:19 GMT" time="29.773" errors="1">
  <testcase name="Duplicate" time="29.773" classname="openaptaps.TC005_DuplicateLead">
    <error type="java.lang.NullPointerException">
      <![CDATA[java.lang.NullPointerException
	at openaptaps.TC005_DuplicateLead.Duplicate(TC005_DuplicateLead.java:30)
	at sun.reflect.NativeMethodAccessorImpl.invoke0(Native Method)
	at sun.reflect.NativeMethodAccessorImpl.invoke(NativeMethodAccessorImpl.java:62)
	at sun.reflect.DelegatingMethodAccessorImpl.invoke(DelegatingMethodAccessorImpl.java:43)
	at java.lang.reflect.Method.invoke(Method.java:483)
	at org.testng.internal.MethodInvocationHelper.invokeMethod(MethodInvocationHelper.java:85)
	at org.testng.internal.Invoker.invokeMethod(Invoker.java:639)
	at org.testng.internal.Invoker.invokeTestMethod(Invoker.java:816)
	at org.testng.internal.Invoker.invokeTestMethods(Invoker.java:1124)
	at org.testng.internal.TestMethodWorker.invokeTestMethods(TestMethodWorker.java:124)
	at org.testng.internal.TestMethodWorker.run(TestMethodWorker.java:108)
	at java.util.concurrent.ThreadPoolExecutor.runWorker(ThreadPoolExecutor.java:1142)
	at java.util.concurrent.ThreadPoolExecutor$Worker.run(ThreadPoolExecutor.java:617)
	at java.lang.Thread.run(Thread.java:744)
]]>
    </error>
  </testcase> <!-- Duplicate -->
</testsuite> <!-- openaptaps.TC005_DuplicateLead -->
