<?xml version="1.0" encoding="UTF-8"?>
<!-- Generated by org.testng.reporters.JUnitReportReporter -->
<testsuite hostname="DESKTOP-5PMM0HN" name="testNGParallellwithPriority.TcPrioritywithParallel" tests="6" failures="0" timestamp="24 Mar 2019 00:31:12 GMT" time="0.034" errors="0">
  <testcase name="tc003" time="0.029" classname="testNGParallellwithPriority.TcPrioritywithParallel"/>
  <testcase name="tc004" time="0.001" classname="testNGParallellwithPriority.TcPrioritywithParallel"/>
  <testcase name="tc001" time="0.001" classname="testNGParallellwithPriority.TcPrioritywithParallel"/>
  <testcase name="tc002" time="0.001" classname="testNGParallellwithPriority.TcPrioritywithParallel"/>
  <testcase name="tc006" time="0.001" classname="testNGParallellwithPriority.TcPrioritywithParallel"/>
  <testcase name="tc005" time="0.001" classname="testNGParallellwithPriority.TcPrioritywithParallel"/>
</testsuite> <!-- testNGParallellwithPriority.TcPrioritywithParallel -->
