<?xml version="1.0" encoding="UTF-8"?>
<!-- Generated by org.testng.reporters.JUnitReportReporter -->
<testsuite hostname="DESKTOP-5PMM0HN" name="readExcelWeek5classday1.WriteExcel" tests="1" failures="0" timestamp="22 Jul 2017 15:38:34 GMT" time="2.407" errors="0">
  <testcase name="writeExcel" time="2.407" classname="readExcelWeek5classday1.WriteExcel"/>
</testsuite> <!-- readExcelWeek5classday1.WriteExcel -->
