<?xml version="1.0" encoding="UTF-8"?>
<!-- Generated by org.testng.reporters.JUnitReportReporter -->
<testsuite hostname="DESKTOP-5PMM0HN" name="readExcelWeek5classday1.CreateLead" tests="1" failures="0" timestamp="6 Jan 2019 21:38:05 GMT" time="72.567" errors="0">
  <testcase name="createLead" time="72.567" classname="readExcelWeek5classday1.CreateLead"/>
</testsuite> <!-- readExcelWeek5classday1.CreateLead -->
