<?xml version="1.0" encoding="UTF-8"?>
<!-- Generated by org.testng.reporters.JUnitReportReporter -->
<testsuite hostname="DESKTOP-5PMM0HN" name="testcases.Duplicateleadprint" tests="1" failures="0" timestamp="17 Jul 2017 21:34:21 GMT" time="0.002" errors="0">
  <testcase name="duplicateLead" time="0.002" classname="testcases.Duplicateleadprint"/>
</testsuite> <!-- testcases.Duplicateleadprint -->
