<?xml version="1.0" encoding="UTF-8"?>
<!-- Generated by org.testng.reporters.JUnitReportReporter -->
<testsuite hostname="DESKTOP-5PMM0HN" name="implemntAttribute.TC001_CreateLead" tests="1" failures="0" timestamp="18 Jul 2017 20:16:08 GMT" time="43.084" errors="0">
  <testcase name="createLead" time="43.084" classname="implemntAttribute.TC001_CreateLead"/>
</testsuite> <!-- implemntAttribute.TC001_CreateLead -->
