<?xml version="1.0" encoding="UTF-8"?>
<!-- Generated by org.testng.reporters.JUnitReportReporter -->
<testsuite hostname="DESKTOP-5PMM0HN" name="testcases.Editleadprint" tests="1" failures="0" timestamp="17 Jul 2017 21:34:21 GMT" time="0.030" errors="0">
  <testcase name="editLead" time="0.030" classname="testcases.Editleadprint"/>
</testsuite> <!-- testcases.Editleadprint -->
